<?xml version="1.0" encoding="UTF-8"?>
<!-- Generated by org.testng.reporters.JUnitReportReporter -->
<testsuite hostname="RohitK" name="com.franconnect.uimaps.Login.LoginPage" tests="1" failures="0" timestamp="24 Sep 2015 00:16:09 GMT" time="0.024" errors="0">
  <testcase name="abc" time="0.024" classname="com.franconnect.uimaps.Login.LoginPage"/>
</testsuite> <!-- com.franconnect.uimaps.Login.LoginPage -->
